{
  "D:\\Projects\\datariomj-full\\datariomj\\src\\polyfills.ts": {
    "path": "D:\\Projects\\datariomj-full\\datariomj\\src\\polyfills.ts",
    "statementMap": {},
    "fnMap": {},
    "branchMap": {},
    "s": {},
    "f": {},
    "b": {},
    "inputSourceMap": {
      "version": 3,
      "file": "polyfills.js",
      "sourceRoot": "",
      "sources": [
        "D:\\Projects\\datariomj-full\\datariomj\\src\\polyfills.ts"
      ],
      "names": [],
      "mappings": "AAAA;;;;;;;;;;;;;;GAcG;AAEH;;GAEG;AAEH,sEAAsE;AACtE,oEAAoE;AAEpE;;;;GAIG;AACH,8EAA8E;AAE9E;;;;;;;;;;;;;;;;;;;;;;GAsBG;AAEH;;GAEG;AACH,OAAO,mBAAmB,CAAC,CAAE,6BAA6B;AAG1D;;GAEG",
      "sourcesContent": [
        "/**\n * This file includes polyfills needed by Angular and is loaded before the app.\n * You can add your own extra polyfills to this file.\n *\n * This file is divided into 2 sections:\n *   1. Browser polyfills. These are applied before loading ZoneJS and are sorted by browsers.\n *   2. Application imports. Files imported after ZoneJS that should be loaded before your main\n *      file.\n *\n * The current setup is for so-called \"evergreen\" browsers; the last versions of browsers that\n * automatically update themselves. This includes Safari >= 10, Chrome >= 55 (including Opera),\n * Edge >= 13 on the desktop, and iOS 10 and Chrome on mobile.\n *\n * Learn more in https://angular.io/guide/browser-support\n */\n\n/***************************************************************************************************\n * BROWSER POLYFILLS\n */\n\n/** IE11 requires the following for NgClass support on SVG elements */\n// import 'classlist.js';  // Run `npm install --save classlist.js`.\n\n/**\n * Web Animations `@angular/platform-browser/animations`\n * Only required if AnimationBuilder is used within the application and using IE/Edge or Safari.\n * Standard animation support in Angular DOES NOT require any polyfills (as of Angular 6.0).\n */\n// import 'web-animations-js';  // Run `npm install --save web-animations-js`.\n\n/**\n * By default, zone.js will patch all possible macroTask and DomEvents\n * user can disable parts of macroTask/DomEvents patch by setting following flags\n * because those flags need to be set before `zone.js` being loaded, and webpack\n * will put import in the top of bundle, so user need to create a separate file\n * in this directory (for example: zone-flags.ts), and put the following flags\n * into that file, and then add the following code before importing zone.js.\n * import './zone-flags';\n *\n * The flags allowed in zone-flags.ts are listed here.\n *\n * The following flags will work for all browsers.\n *\n * (window as any).__Zone_disable_requestAnimationFrame = true; // disable patch requestAnimationFrame\n * (window as any).__Zone_disable_on_property = true; // disable patch onProperty such as onclick\n * (window as any).__zone_symbol__UNPATCHED_EVENTS = ['scroll', 'mousemove']; // disable patch specified eventNames\n *\n *  in IE/Edge developer tools, the addEventListener will also be wrapped by zone.js\n *  with the following flag, it will bypass `zone.js` patch for IE/Edge\n *\n *  (window as any).__Zone_enable_cross_context_check = true;\n *\n */\n\n/***************************************************************************************************\n * Zone JS is required by default for Angular itself.\n */\nimport 'zone.js/dist/zone';  // Included with Angular CLI.\n\n\n/***************************************************************************************************\n * APPLICATION IMPORTS\n */\n"
      ]
    },
    "_coverageSchema": "332fd63041d2c1bcb487cc26dd0d5f7d97098a6c",
    "hash": "213bc00405a88aa5f3e734eb4063abc9c5340e78"
  },
  "D:\\Projects\\datariomj-full\\datariomj\\src\\app\\core\\services\\icon.service.ts": {
    "path": "D:\\Projects\\datariomj-full\\datariomj\\src\\app\\core\\services\\icon.service.ts",
    "statementMap": {
      "0": {
        "start": {
          "line": 6,
          "column": 8
        },
        "end": {
          "line": 6,
          "column": 47
        }
      },
      "1": {
        "start": {
          "line": 7,
          "column": 8
        },
        "end": {
          "line": 7,
          "column": 41
        }
      },
      "2": {
        "start": {
          "line": 10,
          "column": 8
        },
        "end": {
          "line": 10,
          "column": 124
        }
      },
      "3": {
        "start": {
          "line": 13,
          "column": 0
        },
        "end": {
          "line": 13,
          "column": 149
        }
      },
      "4": {
        "start": {
          "line": 13,
          "column": 53
        },
        "end": {
          "line": 13,
          "column": 146
        }
      },
      "5": {
        "start": {
          "line": 14,
          "column": 0
        },
        "end": {
          "line": 14,
          "column": 93
        }
      }
    },
    "fnMap": {
      "0": {
        "name": "(anonymous_0)",
        "decl": {
          "start": {
            "line": 5,
            "column": 4
          },
          "end": {
            "line": 5,
            "column": 5
          }
        },
        "loc": {
          "start": {
            "line": 5,
            "column": 47
          },
          "end": {
            "line": 8,
            "column": 5
          }
        },
        "line": 5
      },
      "1": {
        "name": "(anonymous_1)",
        "decl": {
          "start": {
            "line": 9,
            "column": 4
          },
          "end": {
            "line": 9,
            "column": 5
          }
        },
        "loc": {
          "start": {
            "line": 9,
            "column": 21
          },
          "end": {
            "line": 11,
            "column": 5
          }
        },
        "line": 9
      },
      "2": {
        "name": "IconService_Factory",
        "decl": {
          "start": {
            "line": 13,
            "column": 28
          },
          "end": {
            "line": 13,
            "column": 47
          }
        },
        "loc": {
          "start": {
            "line": 13,
            "column": 51
          },
          "end": {
            "line": 13,
            "column": 148
          }
        },
        "line": 13
      }
    },
    "branchMap": {
      "0": {
        "loc": {
          "start": {
            "line": 13,
            "column": 65
          },
          "end": {
            "line": 13,
            "column": 81
          }
        },
        "type": "binary-expr",
        "locations": [
          {
            "start": {
              "line": 13,
              "column": 65
            },
            "end": {
              "line": 13,
              "column": 66
            }
          },
          {
            "start": {
              "line": 13,
              "column": 70
            },
            "end": {
              "line": 13,
              "column": 81
            }
          }
        ],
        "line": 13
      }
    },
    "s": {
      "0": 1,
      "1": 1,
      "2": 17,
      "3": 1,
      "4": 1,
      "5": 1
    },
    "f": {
      "0": 1,
      "1": 17,
      "2": 1
    },
    "b": {
      "0": [
        1,
        1
      ]
    },
    "inputSourceMap": {
      "version": 3,
      "file": "icon.service.js",
      "sourceRoot": "",
      "sources": [
        "D:\\Projects\\datariomj-full\\datariomj\\src\\app\\core\\services\\icon.service.ts"
      ],
      "names": [],
      "mappings": ";;;AAMA,MAAM,OAAO,WAAW;IACtB,YACU,eAAgC,EAChC,YAA0B;QAD1B,oBAAe,GAAf,eAAe,CAAiB;QAChC,iBAAY,GAAZ,YAAY,CAAc;IAEpC,CAAC;IAED,UAAU,CAAC,IAAY;QACrB,IAAI,CAAC,eAAe,CAAC,UAAU,CAC7B,IAAI,EACJ,IAAI,CAAC,YAAY,CAAC,8BAA8B,CAAC,gBAAiB,IAAK,MAAM,CAAC,CAC/E,CAAC;IACJ,CAAC;;sEAZU,WAAW;mDAAX,WAAW,WAAX,WAAW",
      "sourcesContent": [
        "import { Injectable } from '@angular/core';\nimport { MatIconRegistry } from '@angular/material/icon';\nimport { DomSanitizer } from '@angular/platform-browser';\nimport { IconServiceInterface } from '@core/interfaces/icon-service.interface';\n\n@Injectable()\nexport class IconService implements IconServiceInterface {\n  constructor(\n    private matIconRegistry: MatIconRegistry,\n    private domSanitizer: DomSanitizer,\n  ) {\n  }\n\n  addSvgIcon(icon: string): void {\n    this.matIconRegistry.addSvgIcon(\n      icon,\n      this.domSanitizer.bypassSecurityTrustResourceUrl(`./assets/svg/${ icon }.svg`),\n    );\n  }\n}\n"
      ]
    },
    "_coverageSchema": "332fd63041d2c1bcb487cc26dd0d5f7d97098a6c",
    "hash": "57a83551e8ce0fe49618ba817b1007e2341a636c"
  },
  "D:\\Projects\\datariomj-full\\datariomj\\src\\environments\\environment.ts": {
    "path": "D:\\Projects\\datariomj-full\\datariomj\\src\\environments\\environment.ts",
    "statementMap": {
      "0": {
        "start": {
          "line": 4,
          "column": 27
        },
        "end": {
          "line": 18,
          "column": 1
        }
      }
    },
    "fnMap": {},
    "branchMap": {},
    "s": {
      "0": 1
    },
    "f": {},
    "b": {},
    "inputSourceMap": {
      "version": 3,
      "file": "environment.js",
      "sourceRoot": "",
      "sources": [
        "D:\\Projects\\datariomj-full\\datariomj\\src\\environments\\environment.ts"
      ],
      "names": [],
      "mappings": "AAAA,gFAAgF;AAChF,0EAA0E;AAC1E,gEAAgE;AAEhE,MAAM,CAAC,MAAM,WAAW,GAAG;IACzB,UAAU,EAAE,KAAK;IACjB,OAAO,EAAE,OAAO;IAChB,OAAO,EAAE,uBAAuB;IAChC,UAAU,EAAE;QACV,IAAI,EAAE,4BAA4B;QAClC,WAAW,EAAE,gCAAgC;QAC7C,WAAW,EAAE,QAAQ;QACrB,KAAK,EAAE,cAAc;QACrB,WAAW,EAAE,6CAA6C;KAC3D;IACD,QAAQ,EAAE;QACR,KAAK,EAAE,EAAE;KACV;CACF,CAAC;AAEF;;;;;;GAMG;AACH,mEAAmE",
      "sourcesContent": [
        "// This file can be replaced during build by using the `fileReplacements` array.\n// `ng build --prod` replaces `environment.ts` with `environment.prod.ts`.\n// The list of file replacements can be found in `angular.json`.\n\nexport const environment = {\n  production: false,\n  version: '0.1.0',\n  hostUrl: 'http://localhost:4200',\n  contentful: {\n    host: 'https://cdn.contentful.com',\n    hostGraphQL: 'https://graphql.contentful.com',\n    environment: 'master',\n    space: 's5tpeora8n1x',\n    accessToken: 'dTTJKMDYBBneMpjykSXggLlZTBYn004i_AUlRFvmScc', // read only\n  },\n  facebook: {\n    appId: '',\n  },\n};\n\n/*\n * For easier debugging in development mode, you can import the following file\n * to ignore zone related error stack frames such as `zone.run`, `zoneDelegate.invokeTask`.\n *\n * This import should be commented out in production mode because it will have a negative impact\n * on performance if an error is thrown.\n */\n// import 'zone.js/dist/zone-error';  // Included with Angular CLI.\n"
      ]
    },
    "_coverageSchema": "332fd63041d2c1bcb487cc26dd0d5f7d97098a6c",
    "hash": "159be160a9a9953617e78f2a9d03b76fb0681b04"
  },
  "D:\\Projects\\datariomj-full\\datariomj\\src\\store\\ui\\ui.action.ts": {
    "path": "D:\\Projects\\datariomj-full\\datariomj\\src\\store\\ui\\ui.action.ts",
    "statementMap": {
      "0": {
        "start": {
          "line": 5,
          "column": 0
        },
        "end": {
          "line": 5,
          "column": 44
        }
      },
      "1": {
        "start": {
          "line": 8,
          "column": 8
        },
        "end": {
          "line": 8,
          "column": 43
        }
      },
      "2": {
        "start": {
          "line": 12,
          "column": 0
        },
        "end": {
          "line": 12,
          "column": 56
        }
      },
      "3": {
        "start": {
          "line": 15,
          "column": 8
        },
        "end": {
          "line": 15,
          "column": 47
        }
      },
      "4": {
        "start": {
          "line": 19,
          "column": 0
        },
        "end": {
          "line": 19,
          "column": 61
        }
      }
    },
    "fnMap": {
      "0": {
        "name": "(anonymous_0)",
        "decl": {
          "start": {
            "line": 2,
            "column": 4
          },
          "end": {
            "line": 2,
            "column": 5
          }
        },
        "loc": {
          "start": {
            "line": 2,
            "column": 18
          },
          "end": {
            "line": 2,
            "column": 21
          }
        },
        "line": 2
      },
      "1": {
        "name": "(anonymous_1)",
        "decl": {
          "start": {
            "line": 7,
            "column": 4
          },
          "end": {
            "line": 7,
            "column": 5
          }
        },
        "loc": {
          "start": {
            "line": 7,
            "column": 31
          },
          "end": {
            "line": 9,
            "column": 5
          }
        },
        "line": 7
      },
      "2": {
        "name": "(anonymous_2)",
        "decl": {
          "start": {
            "line": 14,
            "column": 4
          },
          "end": {
            "line": 14,
            "column": 5
          }
        },
        "loc": {
          "start": {
            "line": 14,
            "column": 33
          },
          "end": {
            "line": 16,
            "column": 5
          }
        },
        "line": 14
      }
    },
    "branchMap": {},
    "s": {
      "0": 1,
      "1": 0,
      "2": 1,
      "3": 1,
      "4": 1
    },
    "f": {
      "0": 0,
      "1": 0,
      "2": 1
    },
    "b": {},
    "inputSourceMap": {
      "version": 3,
      "file": "ui.action.js",
      "sourceRoot": "",
      "sources": [
        "D:\\Projects\\datariomj-full\\datariomj\\src\\store\\ui\\ui.action.ts"
      ],
      "names": [],
      "mappings": "AAAA,MAAM,OAAO,aAAa;IAGxB,gBAAgB,CAAC;IAAA,CAAC;;AAFK,kBAAI,GAAG,sBAAsB,CAAC;AAKvD,MAAM,OAAO,mBAAmB;IAG9B,YAAmB,aAAsB;QAAtB,kBAAa,GAAb,aAAa,CAAS;IAAI,CAAC;IAAA,CAAC;;AAFxB,wBAAI,GAAG,4BAA4B,CAAC;AAK7D,MAAM,OAAO,qBAAqB;IAGhC,YAAmB,eAAwB;QAAxB,oBAAe,GAAf,eAAe,CAAS;IAAI,CAAC;IAAA,CAAC;;AAF1B,0BAAI,GAAG,+BAA+B,CAAC",
      "sourcesContent": [
        "export class ToggleSidenav {\r\n  public static readonly type = '[App] Toggle Sidenav';\r\n\r\n  constructor() { };\r\n}\r\n\r\nexport class PreloaderVisibility {\r\n  public static readonly type = '[App] Preloader Visibility';\r\n\r\n  constructor(public showPreloader: boolean) { };\r\n}\r\n\r\nexport class ContactFormVisibility {\r\n  public static readonly type = '[App] Contact Form Visibility';\r\n\r\n  constructor(public showContactForm: boolean) { };\r\n}\r\n"
      ]
    },
    "_coverageSchema": "332fd63041d2c1bcb487cc26dd0d5f7d97098a6c",
    "hash": "ed8203fd1d90c636f6aed7621d1a419b3479c6f1"
  },
  "D:\\Projects\\datariomj-full\\datariomj\\src\\store\\ui\\ui.state.ts": {
    "path": "D:\\Projects\\datariomj-full\\datariomj\\src\\store\\ui\\ui.state.ts",
    "statementMap": {
      "0": {
        "start": {
          "line": 5,
          "column": 14
        },
        "end": {
          "line": 30,
          "column": 1
        }
      },
      "1": {
        "start": {
          "line": 7,
          "column": 8
        },
        "end": {
          "line": 9,
          "column": 11
        }
      },
      "2": {
        "start": {
          "line": 12,
          "column": 8
        },
        "end": {
          "line": 14,
          "column": 11
        }
      },
      "3": {
        "start": {
          "line": 17,
          "column": 8
        },
        "end": {
          "line": 19,
          "column": 11
        }
      },
      "4": {
        "start": {
          "line": 22,
          "column": 8
        },
        "end": {
          "line": 22,
          "column": 37
        }
      },
      "5": {
        "start": {
          "line": 25,
          "column": 8
        },
        "end": {
          "line": 25,
          "column": 35
        }
      },
      "6": {
        "start": {
          "line": 28,
          "column": 8
        },
        "end": {
          "line": 28,
          "column": 37
        }
      },
      "7": {
        "start": {
          "line": 31,
          "column": 0
        },
        "end": {
          "line": 31,
          "column": 76
        }
      },
      "8": {
        "start": {
          "line": 31,
          "column": 45
        },
        "end": {
          "line": 31,
          "column": 73
        }
      },
      "9": {
        "start": {
          "line": 32,
          "column": 0
        },
        "end": {
          "line": 32,
          "column": 81
        }
      },
      "10": {
        "start": {
          "line": 33,
          "column": 0
        },
        "end": {
          "line": 35,
          "column": 45
        }
      },
      "11": {
        "start": {
          "line": 36,
          "column": 0
        },
        "end": {
          "line": 38,
          "column": 45
        }
      },
      "12": {
        "start": {
          "line": 39,
          "column": 0
        },
        "end": {
          "line": 41,
          "column": 47
        }
      },
      "13": {
        "start": {
          "line": 42,
          "column": 0
        },
        "end": {
          "line": 44,
          "column": 37
        }
      },
      "14": {
        "start": {
          "line": 45,
          "column": 0
        },
        "end": {
          "line": 47,
          "column": 35
        }
      },
      "15": {
        "start": {
          "line": 48,
          "column": 0
        },
        "end": {
          "line": 50,
          "column": 37
        }
      },
      "16": {
        "start": {
          "line": 51,
          "column": 0
        },
        "end": {
          "line": 60,
          "column": 12
        }
      }
    },
    "fnMap": {
      "0": {
        "name": "(anonymous_0)",
        "decl": {
          "start": {
            "line": 6,
            "column": 4
          },
          "end": {
            "line": 6,
            "column": 5
          }
        },
        "loc": {
          "start": {
            "line": 6,
            "column": 44
          },
          "end": {
            "line": 10,
            "column": 5
          }
        },
        "line": 6
      },
      "1": {
        "name": "(anonymous_1)",
        "decl": {
          "start": {
            "line": 11,
            "column": 4
          },
          "end": {
            "line": 11,
            "column": 5
          }
        },
        "loc": {
          "start": {
            "line": 11,
            "column": 42
          },
          "end": {
            "line": 15,
            "column": 5
          }
        },
        "line": 11
      },
      "2": {
        "name": "(anonymous_2)",
        "decl": {
          "start": {
            "line": 16,
            "column": 4
          },
          "end": {
            "line": 16,
            "column": 5
          }
        },
        "loc": {
          "start": {
            "line": 16,
            "column": 44
          },
          "end": {
            "line": 20,
            "column": 5
          }
        },
        "line": 16
      },
      "3": {
        "name": "(anonymous_3)",
        "decl": {
          "start": {
            "line": 21,
            "column": 4
          },
          "end": {
            "line": 21,
            "column": 5
          }
        },
        "loc": {
          "start": {
            "line": 21,
            "column": 34
          },
          "end": {
            "line": 23,
            "column": 5
          }
        },
        "line": 21
      },
      "4": {
        "name": "(anonymous_4)",
        "decl": {
          "start": {
            "line": 24,
            "column": 4
          },
          "end": {
            "line": 24,
            "column": 5
          }
        },
        "loc": {
          "start": {
            "line": 24,
            "column": 32
          },
          "end": {
            "line": 26,
            "column": 5
          }
        },
        "line": 24
      },
      "5": {
        "name": "(anonymous_5)",
        "decl": {
          "start": {
            "line": 27,
            "column": 4
          },
          "end": {
            "line": 27,
            "column": 5
          }
        },
        "loc": {
          "start": {
            "line": 27,
            "column": 34
          },
          "end": {
            "line": 29,
            "column": 5
          }
        },
        "line": 27
      },
      "6": {
        "name": "UIState_Factory",
        "decl": {
          "start": {
            "line": 31,
            "column": 24
          },
          "end": {
            "line": 31,
            "column": 39
          }
        },
        "loc": {
          "start": {
            "line": 31,
            "column": 43
          },
          "end": {
            "line": 31,
            "column": 75
          }
        },
        "line": 31
      }
    },
    "branchMap": {
      "0": {
        "loc": {
          "start": {
            "line": 31,
            "column": 57
          },
          "end": {
            "line": 31,
            "column": 69
          }
        },
        "type": "binary-expr",
        "locations": [
          {
            "start": {
              "line": 31,
              "column": 57
            },
            "end": {
              "line": 31,
              "column": 58
            }
          },
          {
            "start": {
              "line": 31,
              "column": 62
            },
            "end": {
              "line": 31,
              "column": 69
            }
          }
        ],
        "line": 31
      }
    },
    "s": {
      "0": 1,
      "1": 0,
      "2": 0,
      "3": 1,
      "4": 2,
      "5": 2,
      "6": 2,
      "7": 1,
      "8": 1,
      "9": 1,
      "10": 1,
      "11": 1,
      "12": 1,
      "13": 1,
      "14": 1,
      "15": 1,
      "16": 1
    },
    "f": {
      "0": 0,
      "1": 0,
      "2": 1,
      "3": 2,
      "4": 2,
      "5": 2,
      "6": 1
    },
    "b": {
      "0": [
        1,
        1
      ]
    },
    "inputSourceMap": {
      "version": 3,
      "file": "ui.state.js",
      "sourceRoot": "",
      "sources": [
        "D:\\Projects\\datariomj-full\\datariomj\\src\\store\\ui\\ui.state.ts"
      ],
      "names": [],
      "mappings": ";AACA,OAAO,EAAE,MAAM,EAAE,QAAQ,EAAE,KAAK,EAAgB,MAAM,aAAa,CAAC;AAEpE,OAAO,EAAE,qBAAqB,EAAE,mBAAmB,EAAE,aAAa,EAAE,MAAM,aAAa,CAAC;;IAiB3E,OAAO,SAAP,OAAO;IAElB,aAAa,CAAC,EAAE,UAAU,EAAE,QAAQ,EAA8B;QAChE,UAAU,CAAC;YACT,eAAe,EAAE,CAAC,QAAQ,EAAE,CAAC,eAAe;SAC7C,CAAC,CAAC;IACL,CAAC;IAGD,aAAa,CAAC,EAAE,UAAU,EAA8B,EAAE,MAA2B;QACnF,UAAU,CAAC;YACT,aAAa,EAAE,MAAM,CAAC,aAAa;SACpC,CAAC,CAAC;IACL,CAAC;IAGD,eAAe,CAAC,EAAE,UAAU,EAA8B,EAAE,MAA6B;QACvF,UAAU,CAAC;YACT,eAAe,EAAE,MAAM,CAAC,eAAe;SACxC,CAAC,CAAC;IACL,CAAC;IAGD,MAAM,CAAC,eAAe,CAAC,KAAmB;QACxC,OAAO,KAAK,CAAC,eAAe,CAAC;IAC/B,CAAC;IAGD,MAAM,CAAC,aAAa,CAAC,KAAmB;QACtC,OAAO,KAAK,CAAC,aAAa,CAAC;IAC7B,CAAC;IAGD,MAAM,CAAC,eAAe,CAAC,KAAmB;QACxC,OAAO,KAAK,CAAC,eAAe,CAAC;IAC/B,CAAC;CACF,CAAA;8DApCY,OAAO;+CAAP,OAAO,WAAP,OAAO;AAElB;IADC,MAAM,CAAC,aAAa,CAAC;4CAKrB;AAGD;IADC,MAAM,CAAC,mBAAmB,CAAC;4CAK3B;AAGD;IADC,MAAM,CAAC,qBAAqB,CAAC;8CAK7B;AAGD;IADC,QAAQ,EAAE;oCAGV;AAGD;IADC,QAAQ,EAAE;kCAGV;AAGD;IADC,QAAQ,EAAE;oCAGV;AAnCU,OAAO;IATnB,KAAK,CAAe;QACnB,IAAI,EAAE,IAAI;QACV,QAAQ,EAAE;YACR,eAAe,EAAE,KAAK;YACtB,aAAa,EAAE,KAAK;YACpB,eAAe,EAAE,KAAK;SACvB;KACF,CAAC;GAEW,OAAO,CAoCnB;SApCY,OAAO",
      "sourcesContent": [
        "import { Injectable } from '@angular/core';\r\nimport { Action, Selector, State, StateContext } from '@ngxs/store';\r\n\r\nimport { ContactFormVisibility, PreloaderVisibility, ToggleSidenav } from './ui.action';\r\n\r\nexport interface UIStateModel {\r\n  sidenavExpanded: boolean;\r\n  showPreloader: boolean;\r\n  showContactForm: boolean;\r\n}\r\n\r\n@State<UIStateModel>({\r\n  name: 'ui',\r\n  defaults: {\r\n    sidenavExpanded: false,\r\n    showPreloader: false,\r\n    showContactForm: false,\r\n  },\r\n})\r\n@Injectable()\r\nexport class UIState {\r\n  @Action(ToggleSidenav)\r\n  toggleSidenav({ patchState, getState }: StateContext<UIStateModel>) {\r\n    patchState({\r\n      sidenavExpanded: !getState().sidenavExpanded,\r\n    });\r\n  }\r\n\r\n  @Action(PreloaderVisibility)\r\n  showPreloader({ patchState }: StateContext<UIStateModel>, action: PreloaderVisibility) {\r\n    patchState({\r\n      showPreloader: action.showPreloader,\r\n    });\r\n  }\r\n\r\n  @Action(ContactFormVisibility)\r\n  showContactForm({ patchState }: StateContext<UIStateModel>, action: ContactFormVisibility) {\r\n    patchState({\r\n      showContactForm: action.showContactForm,\r\n    });\r\n  }\r\n\r\n  @Selector()\r\n  static sidenavExpanded(state: UIStateModel) {\r\n    return state.sidenavExpanded;\r\n  }\r\n\r\n  @Selector()\r\n  static showPreloader(state: UIStateModel) {\r\n    return state.showPreloader;\r\n  }\r\n\r\n  @Selector()\r\n  static showContactForm(state: UIStateModel) {\r\n    return state.showContactForm;\r\n  }\r\n}\r\n"
      ]
    },
    "_coverageSchema": "332fd63041d2c1bcb487cc26dd0d5f7d97098a6c",
    "hash": "b47e14902a2df71fa99cef8fb7686e59c3ce806d"
  },
  "D:\\Projects\\datariomj-full\\datariomj\\src\\store\\store.config.ts": {
    "path": "D:\\Projects\\datariomj-full\\datariomj\\src\\store\\store.config.ts",
    "statementMap": {
      "0": {
        "start": {
          "line": 3,
          "column": 30
        },
        "end": {
          "line": 5,
          "column": 1
        }
      },
      "1": {
        "start": {
          "line": 6,
          "column": 30
        },
        "end": {
          "line": 8,
          "column": 1
        }
      },
      "2": {
        "start": {
          "line": 9,
          "column": 37
        },
        "end": {
          "line": 11,
          "column": 1
        }
      },
      "3": {
        "start": {
          "line": 12,
          "column": 29
        },
        "end": {
          "line": 14,
          "column": 1
        }
      }
    },
    "fnMap": {},
    "branchMap": {},
    "s": {
      "0": 1,
      "1": 1,
      "2": 1,
      "3": 1
    },
    "f": {},
    "b": {},
    "inputSourceMap": {
      "version": 3,
      "file": "store.config.js",
      "sourceRoot": "",
      "sources": [
        "D:\\Projects\\datariomj-full\\datariomj\\src\\store\\store.config.ts"
      ],
      "names": [],
      "mappings": "AAAA,OAAO,EAAE,WAAW,EAAE,MAAM,kBAAkB,CAAC;AAK/C,OAAO,EAAE,OAAO,EAAE,MAAM,eAAe,CAAC;AAExC,MAAM,CAAC,MAAM,cAAc,GAAG;IAC5B,OAAO;CACR,CAAC;AAEF,MAAM,CAAC,MAAM,cAAc,GAAwB;IACjD,eAAe,EAAE,CAAC,WAAW,CAAC,UAAU;CACzC,CAAC;AAEF,MAAM,CAAC,MAAM,qBAAqB,GAAwB;IACxD,QAAQ,EAAE,WAAW,CAAC,UAAU;CACjC,CAAC;AAEF,MAAM,CAAC,MAAM,aAAa,GAA4B;IACpD,QAAQ,EAAE,CAAC,WAAW,CAAC,UAAU;CAClC,CAAC",
      "sourcesContent": [
        "import { environment } from '@env/environment';\r\nimport { NgxsDevtoolsOptions } from '@ngxs/devtools-plugin/src/symbols';\r\nimport { NgxsLoggerPluginOptions } from '@ngxs/logger-plugin/src/symbols';\r\nimport { NgxsConfig } from '@ngxs/store/src/symbols';\r\n\r\nimport { UIState } from './ui/ui.state';\r\n\r\nexport const STATES_MODULES = [\r\n  UIState,\r\n];\r\n\r\nexport const OPTIONS_CONFIG: Partial<NgxsConfig> = {\r\n  developmentMode: !environment.production,\r\n};\r\n\r\nexport const DEVTOOLS_REDUX_CONFIG: NgxsDevtoolsOptions = {\r\n  disabled: environment.production,\r\n};\r\n\r\nexport const LOGGER_CONFIG: NgxsLoggerPluginOptions = {\r\n  disabled: !environment.production,\r\n};\r\n"
      ]
    },
    "_coverageSchema": "332fd63041d2c1bcb487cc26dd0d5f7d97098a6c",
    "hash": "6b3e413998932324d29deaefeec71ea22aff5359"
  },
  "D:\\Projects\\datariomj-full\\datariomj\\src\\store\\store.module.ts": {
    "path": "D:\\Projects\\datariomj-full\\datariomj\\src\\store\\store.module.ts",
    "statementMap": {
      "0": {
        "start": {
          "line": 12,
          "column": 0
        },
        "end": {
          "line": 12,
          "column": 70
        }
      },
      "1": {
        "start": {
          "line": 13,
          "column": 0
        },
        "end": {
          "line": 18,
          "column": 26
        }
      },
      "2": {
        "start": {
          "line": 13,
          "column": 92
        },
        "end": {
          "line": 13,
          "column": 128
        }
      },
      "3": {
        "start": {
          "line": 19,
          "column": 0
        },
        "end": {
          "line": 19,
          "column": 231
        }
      },
      "4": {
        "start": {
          "line": 19,
          "column": 15
        },
        "end": {
          "line": 19,
          "column": 225
        }
      }
    },
    "fnMap": {
      "0": {
        "name": "NgxsStoreModule_Factory",
        "decl": {
          "start": {
            "line": 13,
            "column": 63
          },
          "end": {
            "line": 13,
            "column": 86
          }
        },
        "loc": {
          "start": {
            "line": 13,
            "column": 90
          },
          "end": {
            "line": 13,
            "column": 130
          }
        },
        "line": 13
      },
      "1": {
        "name": "(anonymous_1)",
        "decl": {
          "start": {
            "line": 19,
            "column": 1
          },
          "end": {
            "line": 19,
            "column": 2
          }
        },
        "loc": {
          "start": {
            "line": 19,
            "column": 13
          },
          "end": {
            "line": 19,
            "column": 227
          }
        },
        "line": 19
      }
    },
    "branchMap": {
      "0": {
        "loc": {
          "start": {
            "line": 13,
            "column": 104
          },
          "end": {
            "line": 13,
            "column": 124
          }
        },
        "type": "binary-expr",
        "locations": [
          {
            "start": {
              "line": 13,
              "column": 104
            },
            "end": {
              "line": 13,
              "column": 105
            }
          },
          {
            "start": {
              "line": 13,
              "column": 109
            },
            "end": {
              "line": 13,
              "column": 124
            }
          }
        ],
        "line": 13
      },
      "1": {
        "loc": {
          "start": {
            "line": 19,
            "column": 15
          },
          "end": {
            "line": 19,
            "column": 224
          }
        },
        "type": "binary-expr",
        "locations": [
          {
            "start": {
              "line": 19,
              "column": 16
            },
            "end": {
              "line": 19,
              "column": 48
            }
          },
          {
            "start": {
              "line": 19,
              "column": 52
            },
            "end": {
              "line": 19,
              "column": 61
            }
          },
          {
            "start": {
              "line": 19,
              "column": 66
            },
            "end": {
              "line": 19,
              "column": 224
            }
          }
        ],
        "line": 19
      }
    },
    "s": {
      "0": 1,
      "1": 1,
      "2": 1,
      "3": 1,
      "4": 1
    },
    "f": {
      "0": 1,
      "1": 1
    },
    "b": {
      "0": [
        1,
        1
      ],
      "1": [
        1,
        0,
        1
      ]
    },
    "inputSourceMap": {
      "version": 3,
      "file": "store.module.js",
      "sourceRoot": "",
      "sources": [
        "D:\\Projects\\datariomj-full\\datariomj\\src\\store\\store.module.ts"
      ],
      "names": [],
      "mappings": "AAAA,OAAO,EAAE,YAAY,EAAE,MAAM,iBAAiB,CAAC;AAE/C,OAAO,EAAE,6BAA6B,EAAE,MAAM,uBAAuB,CAAC;AACtE,OAAO,EAAE,sBAAsB,EAAE,MAAM,qBAAqB,CAAC;AAC7D,OAAO,EAAE,UAAU,EAAE,MAAM,aAAa,CAAC;AAEzC,OAAO,EAAE,qBAAqB,EAAE,aAAa,EAAE,cAAc,EAAE,cAAc,EAAE,MAAM,gBAAgB,CAAC;;;;;AAWtG,MAAM,OAAO,eAAe;;mDAAf,eAAe;6GAAf,eAAe,kBARjB;YACP,YAAY;YACZ,UAAU,CAAC,OAAO,CAAC,cAAc,EAAE,cAAc,CAAC;YAClD,6BAA6B,CAAC,OAAO,CAAC,qBAAqB,CAAC;YAC5D,sBAAsB,CAAC,OAAO,CAAC,aAAa,CAAC;SAC9C,EACS,UAAU;wFAET,eAAe,cAPxB,YAAY,iFAKJ,UAAU",
      "sourcesContent": [
        "import { CommonModule } from '@angular/common';\r\nimport { NgModule } from '@angular/core';\r\nimport { NgxsReduxDevtoolsPluginModule } from '@ngxs/devtools-plugin';\r\nimport { NgxsLoggerPluginModule } from '@ngxs/logger-plugin';\r\nimport { NgxsModule } from '@ngxs/store';\r\n\r\nimport { DEVTOOLS_REDUX_CONFIG, LOGGER_CONFIG, OPTIONS_CONFIG, STATES_MODULES } from './store.config';\r\n\r\n@NgModule({\r\n  imports: [\r\n    CommonModule,\r\n    NgxsModule.forRoot(STATES_MODULES, OPTIONS_CONFIG),\r\n    NgxsReduxDevtoolsPluginModule.forRoot(DEVTOOLS_REDUX_CONFIG),\r\n    NgxsLoggerPluginModule.forRoot(LOGGER_CONFIG),\r\n  ],\r\n  exports: [NgxsModule],\r\n})\r\nexport class NgxsStoreModule { }\r\n"
      ]
    },
    "_coverageSchema": "332fd63041d2c1bcb487cc26dd0d5f7d97098a6c",
    "hash": "6bf77cfc8f2d1cdc8f0ca0901694afd9ef4bad38"
  },
  "D:\\Projects\\datariomj-full\\datariomj\\src\\app\\shared\\components\\contact-dialog\\contact-dialog.component.ts": {
    "path": "D:\\Projects\\datariomj-full\\datariomj\\src\\app\\shared\\components\\contact-dialog\\contact-dialog.component.ts",
    "statementMap": {
      "0": {
        "start": {
          "line": 10,
          "column": 65
        },
        "end": {
          "line": 14,
          "column": 1
        }
      },
      "1": {
        "start": {
          "line": 11,
          "column": 4
        },
        "end": {
          "line": 11,
          "column": 38
        }
      },
      "2": {
        "start": {
          "line": 12,
          "column": 4
        },
        "end": {
          "line": 12,
          "column": 43
        }
      },
      "3": {
        "start": {
          "line": 13,
          "column": 4
        },
        "end": {
          "line": 13,
          "column": 22
        }
      },
      "4": {
        "start": {
          "line": 15,
          "column": 65
        },
        "end": {
          "line": 19,
          "column": 1
        }
      },
      "5": {
        "start": {
          "line": 16,
          "column": 4
        },
        "end": {
          "line": 16,
          "column": 38
        }
      },
      "6": {
        "start": {
          "line": 17,
          "column": 4
        },
        "end": {
          "line": 17,
          "column": 45
        }
      },
      "7": {
        "start": {
          "line": 18,
          "column": 4
        },
        "end": {
          "line": 18,
          "column": 22
        }
      },
      "8": {
        "start": {
          "line": 22,
          "column": 8
        },
        "end": {
          "line": 22,
          "column": 35
        }
      },
      "9": {
        "start": {
          "line": 23,
          "column": 8
        },
        "end": {
          "line": 36,
          "column": 11
        }
      },
      "10": {
        "start": {
          "line": 39,
          "column": 8
        },
        "end": {
          "line": 41,
          "column": 9
        }
      },
      "11": {
        "start": {
          "line": 40,
          "column": 12
        },
        "end": {
          "line": 40,
          "column": 19
        }
      },
      "12": {
        "start": {
          "line": 42,
          "column": 8
        },
        "end": {
          "line": 42,
          "column": 53
        }
      },
      "13": {
        "start": {
          "line": 45,
          "column": 0
        },
        "end": {
          "line": 45,
          "column": 158
        }
      },
      "14": {
        "start": {
          "line": 45,
          "column": 75
        },
        "end": {
          "line": 45,
          "column": 155
        }
      },
      "15": {
        "start": {
          "line": 46,
          "column": 0
        },
        "end": {
          "line": 100,
          "column": 1321
        }
      },
      "16": {
        "start": {
          "line": 46,
          "column": 690
        },
        "end": {
          "line": 91,
          "column": 5
        }
      },
      "17": {
        "start": {
          "line": 47,
          "column": 8
        },
        "end": {
          "line": 47,
          "column": 38
        }
      },
      "18": {
        "start": {
          "line": 48,
          "column": 8
        },
        "end": {
          "line": 48,
          "column": 34
        }
      },
      "19": {
        "start": {
          "line": 49,
          "column": 8
        },
        "end": {
          "line": 49,
          "column": 36
        }
      },
      "20": {
        "start": {
          "line": 50,
          "column": 8
        },
        "end": {
          "line": 50,
          "column": 26
        }
      },
      "21": {
        "start": {
          "line": 51,
          "column": 8
        },
        "end": {
          "line": 51,
          "column": 26
        }
      },
      "22": {
        "start": {
          "line": 52,
          "column": 8
        },
        "end": {
          "line": 52,
          "column": 40
        }
      },
      "23": {
        "start": {
          "line": 53,
          "column": 8
        },
        "end": {
          "line": 53,
          "column": 130
        }
      },
      "24": {
        "start": {
          "line": 53,
          "column": 104
        },
        "end": {
          "line": 53,
          "column": 126
        }
      },
      "25": {
        "start": {
          "line": 54,
          "column": 8
        },
        "end": {
          "line": 54,
          "column": 54
        }
      },
      "26": {
        "start": {
          "line": 55,
          "column": 8
        },
        "end": {
          "line": 55,
          "column": 50
        }
      },
      "27": {
        "start": {
          "line": 56,
          "column": 8
        },
        "end": {
          "line": 56,
          "column": 42
        }
      },
      "28": {
        "start": {
          "line": 57,
          "column": 8
        },
        "end": {
          "line": 57,
          "column": 29
        }
      },
      "29": {
        "start": {
          "line": 58,
          "column": 8
        },
        "end": {
          "line": 58,
          "column": 26
        }
      },
      "30": {
        "start": {
          "line": 59,
          "column": 8
        },
        "end": {
          "line": 59,
          "column": 36
        }
      },
      "31": {
        "start": {
          "line": 60,
          "column": 8
        },
        "end": {
          "line": 60,
          "column": 42
        }
      },
      "32": {
        "start": {
          "line": 61,
          "column": 8
        },
        "end": {
          "line": 61,
          "column": 51
        }
      },
      "33": {
        "start": {
          "line": 62,
          "column": 8
        },
        "end": {
          "line": 62,
          "column": 26
        }
      },
      "34": {
        "start": {
          "line": 63,
          "column": 8
        },
        "end": {
          "line": 63,
          "column": 26
        }
      },
      "35": {
        "start": {
          "line": 64,
          "column": 8
        },
        "end": {
          "line": 64,
          "column": 51
        }
      },
      "36": {
        "start": {
          "line": 65,
          "column": 8
        },
        "end": {
          "line": 65,
          "column": 43
        }
      },
      "37": {
        "start": {
          "line": 66,
          "column": 8
        },
        "end": {
          "line": 66,
          "column": 31
        }
      },
      "38": {
        "start": {
          "line": 67,
          "column": 8
        },
        "end": {
          "line": 67,
          "column": 26
        }
      },
      "39": {
        "start": {
          "line": 68,
          "column": 8
        },
        "end": {
          "line": 68,
          "column": 37
        }
      },
      "40": {
        "start": {
          "line": 69,
          "column": 8
        },
        "end": {
          "line": 69,
          "column": 43
        }
      },
      "41": {
        "start": {
          "line": 70,
          "column": 8
        },
        "end": {
          "line": 70,
          "column": 52
        }
      },
      "42": {
        "start": {
          "line": 71,
          "column": 8
        },
        "end": {
          "line": 71,
          "column": 26
        }
      },
      "43": {
        "start": {
          "line": 72,
          "column": 8
        },
        "end": {
          "line": 72,
          "column": 26
        }
      },
      "44": {
        "start": {
          "line": 73,
          "column": 8
        },
        "end": {
          "line": 73,
          "column": 51
        }
      },
      "45": {
        "start": {
          "line": 74,
          "column": 8
        },
        "end": {
          "line": 74,
          "column": 43
        }
      },
      "46": {
        "start": {
          "line": 75,
          "column": 8
        },
        "end": {
          "line": 75,
          "column": 33
        }
      },
      "47": {
        "start": {
          "line": 76,
          "column": 8
        },
        "end": {
          "line": 76,
          "column": 26
        }
      },
      "48": {
        "start": {
          "line": 77,
          "column": 8
        },
        "end": {
          "line": 77,
          "column": 40
        }
      },
      "49": {
        "start": {
          "line": 78,
          "column": 8
        },
        "end": {
          "line": 78,
          "column": 94
        }
      },
      "50": {
        "start": {
          "line": 79,
          "column": 8
        },
        "end": {
          "line": 79,
          "column": 94
        }
      },
      "51": {
        "start": {
          "line": 80,
          "column": 8
        },
        "end": {
          "line": 80,
          "column": 26
        }
      },
      "52": {
        "start": {
          "line": 81,
          "column": 8
        },
        "end": {
          "line": 81,
          "column": 26
        }
      },
      "53": {
        "start": {
          "line": 82,
          "column": 8
        },
        "end": {
          "line": 82,
          "column": 55
        }
      },
      "54": {
        "start": {
          "line": 83,
          "column": 8
        },
        "end": {
          "line": 83,
          "column": 43
        }
      },
      "55": {
        "start": {
          "line": 84,
          "column": 8
        },
        "end": {
          "line": 84,
          "column": 32
        }
      },
      "56": {
        "start": {
          "line": 85,
          "column": 8
        },
        "end": {
          "line": 85,
          "column": 26
        }
      },
      "57": {
        "start": {
          "line": 86,
          "column": 8
        },
        "end": {
          "line": 86,
          "column": 44
        }
      },
      "58": {
        "start": {
          "line": 87,
          "column": 8
        },
        "end": {
          "line": 87,
          "column": 32
        }
      },
      "59": {
        "start": {
          "line": 88,
          "column": 8
        },
        "end": {
          "line": 88,
          "column": 26
        }
      },
      "60": {
        "start": {
          "line": 89,
          "column": 8
        },
        "end": {
          "line": 89,
          "column": 26
        }
      },
      "61": {
        "start": {
          "line": 90,
          "column": 8
        },
        "end": {
          "line": 90,
          "column": 26
        }
      },
      "62": {
        "start": {
          "line": 91,
          "column": 6
        },
        "end": {
          "line": 100,
          "column": 5
        }
      },
      "63": {
        "start": {
          "line": 92,
          "column": 22
        },
        "end": {
          "line": 92,
          "column": 26
        }
      },
      "64": {
        "start": {
          "line": 93,
          "column": 22
        },
        "end": {
          "line": 93,
          "column": 26
        }
      },
      "65": {
        "start": {
          "line": 94,
          "column": 8
        },
        "end": {
          "line": 94,
          "column": 24
        }
      },
      "66": {
        "start": {
          "line": 95,
          "column": 8
        },
        "end": {
          "line": 95,
          "column": 52
        }
      },
      "67": {
        "start": {
          "line": 96,
          "column": 8
        },
        "end": {
          "line": 96,
          "column": 25
        }
      },
      "68": {
        "start": {
          "line": 97,
          "column": 8
        },
        "end": {
          "line": 97,
          "column": 120
        }
      },
      "69": {
        "start": {
          "line": 98,
          "column": 8
        },
        "end": {
          "line": 98,
          "column": 24
        }
      },
      "70": {
        "start": {
          "line": 99,
          "column": 8
        },
        "end": {
          "line": 99,
          "column": 121
        }
      }
    },
    "fnMap": {
      "0": {
        "name": "ContactDialogComponent_mat_error_21_Template",
        "decl": {
          "start": {
            "line": 10,
            "column": 9
          },
          "end": {
            "line": 10,
            "column": 53
          }
        },
        "loc": {
          "start": {
            "line": 10,
            "column": 63
          },
          "end": {
            "line": 14,
            "column": 3
          }
        },
        "line": 10
      },
      "1": {
        "name": "ContactDialogComponent_mat_error_22_Template",
        "decl": {
          "start": {
            "line": 15,
            "column": 9
          },
          "end": {
            "line": 15,
            "column": 53
          }
        },
        "loc": {
          "start": {
            "line": 15,
            "column": 63
          },
          "end": {
            "line": 19,
            "column": 3
          }
        },
        "line": 15
      },
      "2": {
        "name": "(anonymous_2)",
        "decl": {
          "start": {
            "line": 21,
            "column": 4
          },
          "end": {
            "line": 21,
            "column": 5
          }
        },
        "loc": {
          "start": {
            "line": 21,
            "column": 27
          },
          "end": {
            "line": 37,
            "column": 5
          }
        },
        "line": 21
      },
      "3": {
        "name": "(anonymous_3)",
        "decl": {
          "start": {
            "line": 38,
            "column": 4
          },
          "end": {
            "line": 38,
            "column": 5
          }
        },
        "loc": {
          "start": {
            "line": 38,
            "column": 15
          },
          "end": {
            "line": 43,
            "column": 5
          }
        },
        "line": 38
      },
      "4": {
        "name": "ContactDialogComponent_Factory",
        "decl": {
          "start": {
            "line": 45,
            "column": 39
          },
          "end": {
            "line": 45,
            "column": 69
          }
        },
        "loc": {
          "start": {
            "line": 45,
            "column": 73
          },
          "end": {
            "line": 45,
            "column": 157
          }
        },
        "line": 45
      },
      "5": {
        "name": "ContactDialogComponent_Template",
        "decl": {
          "start": {
            "line": 46,
            "column": 647
          },
          "end": {
            "line": 46,
            "column": 678
          }
        },
        "loc": {
          "start": {
            "line": 46,
            "column": 688
          },
          "end": {
            "line": 100,
            "column": 7
          }
        },
        "line": 46
      },
      "6": {
        "name": "ContactDialogComponent_Template_form_ngSubmit_3_listener",
        "decl": {
          "start": {
            "line": 53,
            "column": 43
          },
          "end": {
            "line": 53,
            "column": 99
          }
        },
        "loc": {
          "start": {
            "line": 53,
            "column": 102
          },
          "end": {
            "line": 53,
            "column": 128
          }
        },
        "line": 53
      }
    },
    "branchMap": {
      "0": {
        "loc": {
          "start": {
            "line": 10,
            "column": 65
          },
          "end": {
            "line": 14,
            "column": 1
          }
        },
        "type": "if",
        "locations": [
          {
            "start": {
              "line": 10,
              "column": 65
            },
            "end": {
              "line": 14,
              "column": 1
            }
          },
          {
            "start": {
              "line": 10,
              "column": 65
            },
            "end": {
              "line": 14,
              "column": 1
            }
          }
        ],
        "line": 10
      },
      "1": {
        "loc": {
          "start": {
            "line": 15,
            "column": 65
          },
          "end": {
            "line": 19,
            "column": 1
          }
        },
        "type": "if",
        "locations": [
          {
            "start": {
              "line": 15,
              "column": 65
            },
            "end": {
              "line": 19,
              "column": 1
            }
          },
          {
            "start": {
              "line": 15,
              "column": 65
            },
            "end": {
              "line": 19,
              "column": 1
            }
          }
        ],
        "line": 15
      },
      "2": {
        "loc": {
          "start": {
            "line": 39,
            "column": 8
          },
          "end": {
            "line": 41,
            "column": 9
          }
        },
        "type": "if",
        "locations": [
          {
            "start": {
              "line": 39,
              "column": 8
            },
            "end": {
              "line": 41,
              "column": 9
            }
          },
          {
            "start": {
              "line": 39,
              "column": 8
            },
            "end": {
              "line": 41,
              "column": 9
            }
          }
        ],
        "line": 39
      },
      "3": {
        "loc": {
          "start": {
            "line": 45,
            "column": 87
          },
          "end": {
            "line": 45,
            "column": 114
          }
        },
        "type": "binary-expr",
        "locations": [
          {
            "start": {
              "line": 45,
              "column": 87
            },
            "end": {
              "line": 45,
              "column": 88
            }
          },
          {
            "start": {
              "line": 45,
              "column": 92
            },
            "end": {
              "line": 45,
              "column": 114
            }
          }
        ],
        "line": 45
      },
      "4": {
        "loc": {
          "start": {
            "line": 46,
            "column": 690
          },
          "end": {
            "line": 91,
            "column": 5
          }
        },
        "type": "if",
        "locations": [
          {
            "start": {
              "line": 46,
              "column": 690
            },
            "end": {
              "line": 91,
              "column": 5
            }
          },
          {
            "start": {
              "line": 46,
              "column": 690
            },
            "end": {
              "line": 91,
              "column": 5
            }
          }
        ],
        "line": 46
      },
      "5": {
        "loc": {
          "start": {
            "line": 91,
            "column": 6
          },
          "end": {
            "line": 100,
            "column": 5
          }
        },
        "type": "if",
        "locations": [
          {
            "start": {
              "line": 91,
              "column": 6
            },
            "end": {
              "line": 100,
              "column": 5
            }
          },
          {
            "start": {
              "line": 91,
              "column": 6
            },
            "end": {
              "line": 100,
              "column": 5
            }
          }
        ],
        "line": 91
      },
      "6": {
        "loc": {
          "start": {
            "line": 97,
            "column": 30
          },
          "end": {
            "line": 97,
            "column": 118
          }
        },
        "type": "cond-expr",
        "locations": [
          {
            "start": {
              "line": 97,
              "column": 83
            },
            "end": {
              "line": 97,
              "column": 87
            }
          },
          {
            "start": {
              "line": 97,
              "column": 90
            },
            "end": {
              "line": 97,
              "column": 118
            }
          }
        ],
        "line": 97
      },
      "7": {
        "loc": {
          "start": {
            "line": 99,
            "column": 30
          },
          "end": {
            "line": 99,
            "column": 119
          }
        },
        "type": "cond-expr",
        "locations": [
          {
            "start": {
              "line": 99,
              "column": 83
            },
            "end": {
              "line": 99,
              "column": 87
            }
          },
          {
            "start": {
              "line": 99,
              "column": 90
            },
            "end": {
              "line": 99,
              "column": 119
            }
          }
        ],
        "line": 99
      }
    },
    "s": {
      "0": 2,
      "1": 1,
      "2": 1,
      "3": 1,
      "4": 0,
      "5": 0,
      "6": 0,
      "7": 0,
      "8": 1,
      "9": 1,
      "10": 0,
      "11": 0,
      "12": 0,
      "13": 1,
      "14": 1,
      "15": 1,
      "16": 2,
      "17": 1,
      "18": 1,
      "19": 1,
      "20": 1,
      "21": 1,
      "22": 1,
      "23": 1,
      "24": 0,
      "25": 1,
      "26": 1,
      "27": 1,
      "28": 1,
      "29": 1,
      "30": 1,
      "31": 1,
      "32": 1,
      "33": 1,
      "34": 1,
      "35": 1,
      "36": 1,
      "37": 1,
      "38": 1,
      "39": 1,
      "40": 1,
      "41": 1,
      "42": 1,
      "43": 1,
      "44": 1,
      "45": 1,
      "46": 1,
      "47": 1,
      "48": 1,
      "49": 1,
      "50": 1,
      "51": 1,
      "52": 1,
      "53": 1,
      "54": 1,
      "55": 1,
      "56": 1,
      "57": 1,
      "58": 1,
      "59": 1,
      "60": 1,
      "61": 1,
      "62": 2,
      "63": 1,
      "64": 1,
      "65": 1,
      "66": 1,
      "67": 1,
      "68": 1,
      "69": 1,
      "70": 1
    },
    "f": {
      "0": 2,
      "1": 0,
      "2": 1,
      "3": 0,
      "4": 1,
      "5": 2,
      "6": 0
    },
    "b": {
      "0": [
        1,
        1
      ],
      "1": [
        0,
        0
      ],
      "2": [
        0,
        0
      ],
      "3": [
        1,
        1
      ],
      "4": [
        1,
        1
      ],
      "5": [
        1,
        1
      ],
      "6": [
        0,
        1
      ],
      "7": [
        0,
        1
      ]
    },
    "inputSourceMap": {
      "version": 3,
      "file": "contact-dialog.component.js",
      "sourceRoot": "",
      "sources": [
        "D:\\Projects\\datariomj-full\\datariomj\\src\\app\\shared\\components\\contact-dialog\\contact-dialog.component.ts",
        "D:\\Projects\\datariomj-full\\datariomj\\src\\app\\shared\\components\\contact-dialog\\contact-dialog.component.html"
      ],
      "names": [],
      "mappings": "AACA,OAAO,EAAE,WAAW,EAAE,SAAS,EAAE,UAAU,EAAE,MAAM,gBAAgB,CAAC;;;;;;;;;;ICoB9D,iCACG;IAAA,sCAAsB;IAAA,iBACxB;;;IACD,iCACG;IAAA,wCAAwB;IAAA,iBAC1B;;ADfP,MAAM,OAAO,sBAAsB;IAgBjC,YACU,SAA+C;QAA/C,cAAS,GAAT,SAAS,CAAsC;QAhBzD,gBAAW,GAAG,IAAI,SAAS,CAAC;YAC1B,IAAI,EAAE,IAAI,WAAW,CAAC,EAAE,EAAE;gBACxB,UAAU,CAAC,QAAQ;aACpB,CAAC;YACF,KAAK,EAAE,IAAI,WAAW,CAAC,EAAE,EAAE;gBACzB,UAAU,CAAC,QAAQ;gBACnB,mCAAmC;gBACnC,UAAU,CAAC,OAAO,CAAC,yJAAyJ,CAAC;aAC9K,CAAC;YACF,OAAO,EAAE,IAAI,WAAW,CAAC,EAAE,EAAE;gBAC3B,UAAU,CAAC,QAAQ;gBACnB,UAAU,CAAC,SAAS,CAAC,IAAI,CAAC;aAC3B,CAAC;SACH,CAAC,CAAC;IAKH,CAAC;IAED,QAAQ;QACN,IAAI,IAAI,CAAC,WAAW,CAAC,OAAO,EAAE;YAC5B,OAAO;SACR;QAED,IAAI,CAAC,SAAS,CAAC,KAAK,CAAC,IAAI,CAAC,WAAW,CAAC,KAAK,CAAC,CAAC;IAC/C,CAAC;;4FA3BU,sBAAsB;2DAAtB,sBAAsB;QCXnC,6BAAqB;QAAA,yBAAG;QAAA,2BAAW;QAAA,iBAAI;QAAA,iBAAK;QAC5C,+BAAsG;QAA/C,uGAAY,cAAU,IAAC;QAC5E,6CAA2C;QACzC,yCAAkC;QAChC,iCAAW;QAAA,oBAAI;QAAA,iBAAY;QAC3B,2BAAyC;QACzC,iCAAW;QAAA,0CAAyB;QAAA,iBAAY;QAClD,iBAAiB;QACjB,0CAAkC;QAChC,kCAAW;QAAA,sBAAK;QAAA,iBAAY;QAC5B,4BAA0C;QAC1C,kCAAW;QAAA,2CAA0B;QAAA,iBAAY;QACnD,iBAAiB;QACjB,0CAAkC;QAChC,kCAAW;QAAA,wBAAO;QAAA,iBAAY;QAC9B,+BAKY;QACZ,qFAEC;QACD,qFAEC;QACH,iBAAiB;QACnB,iBAAqB;QACrB,8CAAgC;QAC9B,kCAAyC;QAAA,uBAAM;QAAA,iBAAS;QACxD,mCAAsD;QAAA,uBAAM;QAAA,iBAAS;QACvE,iBAAqB;QACvB,iBAAO;;;;QAhCsB,eAAyB;QAAzB,2CAAyB;QAoBpC,gBAAsD;QAAtD,+GAAsD;QAGtD,eAAuD;QAAvD,gHAAuD",
      "sourcesContent": [
        "import { ChangeDetectionStrategy, Component, ViewEncapsulation } from '@angular/core';\nimport { FormControl, FormGroup, Validators } from '@angular/forms';\nimport { MatDialogRef } from '@angular/material/dialog';\n\n@Component({\n  selector: 'app-contact-dialog',\n  templateUrl: './contact-dialog.component.html',\n  styleUrls: ['./contact-dialog.component.scss'],\n  encapsulation: ViewEncapsulation.None,\n  changeDetection: ChangeDetectionStrategy.OnPush,\n})\nexport class ContactDialogComponent {\n  contactForm = new FormGroup({\n    name: new FormControl('', [\n      Validators.required,\n    ]),\n    email: new FormControl('', [\n      Validators.required,\n      // eslint-disable-next-line max-len\n      Validators.pattern(/^(([^<>()\\[\\]\\\\.,;:\\s@\"]+(\\.[^<>()\\[\\]\\\\.,;:\\s@\"]+)*)|(\".+\"))@((\\[[0-9]{1,3}\\.[0-9]{1,3}\\.[0-9]{1,3}\\.[0-9]{1,3}\\])|(([a-zA-Z\\-0-9]+\\.)+[a-zA-Z]{2,}))$/),\n    ]),\n    message: new FormControl('', [\n      Validators.required,\n      Validators.maxLength(1000),\n    ]),\n  });\n\n  constructor(\n    private dialogRef: MatDialogRef<ContactDialogComponent>,\n  ) {\n  }\n\n  onSubmit() {\n    if (this.contactForm.invalid) {\n      return;\n    }\n\n    this.dialogRef.close(this.contactForm.value);\n  }\n}\n",
        "<h2 mat-dialog-title><b>Contact Me!</b></h2>\n<form class=\"contact-dialog\" [formGroup]=\"contactForm\" (ngSubmit)=\"onSubmit()\" data-cy=\"contact-form\">\n  <mat-dialog-content class=\"mat-typography\">\n    <mat-form-field appearance=\"fill\">\n      <mat-label>Name</mat-label>\n      <input matInput formControlName=\"name\" />\n      <mat-error>Please enter a valid name</mat-error>\n    </mat-form-field>\n    <mat-form-field appearance=\"fill\">\n      <mat-label>Email</mat-label>\n      <input matInput formControlName=\"email\" />\n      <mat-error>Please enter a valid email</mat-error>\n    </mat-form-field>\n    <mat-form-field appearance=\"fill\">\n      <mat-label>Message</mat-label>\n      <textarea\n        rows=\"8\"\n        matInput\n        cdkTextareaAutosize=\"false\"\n        formControlName=\"message\"\n      ></textarea>\n      <mat-error *ngIf=\"contactForm.get('message')?.hasError('required')\"\n        >Please enter a message</mat-error\n      >\n      <mat-error *ngIf=\"contactForm.get('message')?.hasError('maxlength')\"\n        >Your message is too long</mat-error\n      >\n    </mat-form-field>\n  </mat-dialog-content>\n  <mat-dialog-actions align=\"end\">\n    <button mat-flat-button mat-dialog-close>Cancel</button>\n    <button mat-flat-button type=\"submit\" color=\"primary\">Submit</button>\n  </mat-dialog-actions>\n</form>\n"
      ]
    },
    "_coverageSchema": "332fd63041d2c1bcb487cc26dd0d5f7d97098a6c",
    "hash": "0e851a8ef97f85d00ba2dd0251fc9cc7ac0dd5d0"
  },
  "D:\\Projects\\datariomj-full\\datariomj\\src\\app\\core\\static.constants.ts": {
    "path": "D:\\Projects\\datariomj-full\\datariomj\\src\\app\\core\\static.constants.ts",
    "statementMap": {
      "0": {
        "start": {
          "line": 1,
          "column": 31
        },
        "end": {
          "line": 3,
          "column": 1
        }
      }
    },
    "fnMap": {},
    "branchMap": {},
    "s": {
      "0": 1
    },
    "f": {},
    "b": {},
    "inputSourceMap": {
      "version": 3,
      "file": "static.constants.js",
      "sourceRoot": "",
      "sources": [
        "D:\\Projects\\datariomj-full\\datariomj\\src\\app\\core\\static.constants.ts"
      ],
      "names": [],
      "mappings": "AAAA,MAAM,CAAC,MAAM,eAAe,GAAG;IAC7B,KAAK,EAAE,oBAAoB;CAC5B,CAAC",
      "sourcesContent": [
        "export const STATIC_CONSTANT = {\r\n  email: 'mail@datariomj.dev',\r\n};\r\n"
      ]
    },
    "_coverageSchema": "332fd63041d2c1bcb487cc26dd0d5f7d97098a6c",
    "hash": "e3f65e46c870e41faf5a6b513b9254bbb8dcdade"
  },
  "D:\\Projects\\datariomj-full\\datariomj\\src\\app\\shared\\components\\footer\\footer.component.ts": {
    "path": "D:\\Projects\\datariomj-full\\datariomj\\src\\app\\shared\\components\\footer\\footer.component.ts",
    "statementMap": {
      "0": {
        "start": {
          "line": 11,
          "column": 60
        },
        "end": {
          "line": 13,
          "column": 1
        }
      },
      "1": {
        "start": {
          "line": 12,
          "column": 4
        },
        "end": {
          "line": 12,
          "column": 29
        }
      },
      "2": {
        "start": {
          "line": 14,
          "column": 60
        },
        "end": {
          "line": 16,
          "column": 1
        }
      },
      "3": {
        "start": {
          "line": 15,
          "column": 4
        },
        "end": {
          "line": 15,
          "column": 29
        }
      },
      "4": {
        "start": {
          "line": 17,
          "column": 50
        },
        "end": {
          "line": 21,
          "column": 1
        }
      },
      "5": {
        "start": {
          "line": 18,
          "column": 4
        },
        "end": {
          "line": 18,
          "column": 34
        }
      },
      "6": {
        "start": {
          "line": 19,
          "column": 4
        },
        "end": {
          "line": 19,
          "column": 36
        }
      },
      "7": {
        "start": {
          "line": 20,
          "column": 4
        },
        "end": {
          "line": 20,
          "column": 22
        }
      },
      "8": {
        "start": {
          "line": 21,
          "column": 2
        },
        "end": {
          "line": 26,
          "column": 1
        }
      },
      "9": {
        "start": {
          "line": 22,
          "column": 26
        },
        "end": {
          "line": 22,
          "column": 39
        }
      },
      "10": {
        "start": {
          "line": 23,
          "column": 4
        },
        "end": {
          "line": 23,
          "column": 75
        }
      },
      "11": {
        "start": {
          "line": 24,
          "column": 4
        },
        "end": {
          "line": 24,
          "column": 20
        }
      },
      "12": {
        "start": {
          "line": 25,
          "column": 4
        },
        "end": {
          "line": 25,
          "column": 60
        }
      },
      "13": {
        "start": {
          "line": 27,
          "column": 60
        },
        "end": {
          "line": 34,
          "column": 1
        }
      },
      "14": {
        "start": {
          "line": 28,
          "column": 4
        },
        "end": {
          "line": 28,
          "column": 34
        }
      },
      "15": {
        "start": {
          "line": 29,
          "column": 4
        },
        "end": {
          "line": 29,
          "column": 36
        }
      },
      "16": {
        "start": {
          "line": 30,
          "column": 4
        },
        "end": {
          "line": 30,
          "column": 33
        }
      },
      "17": {
        "start": {
          "line": 31,
          "column": 4
        },
        "end": {
          "line": 31,
          "column": 25
        }
      },
      "18": {
        "start": {
          "line": 32,
          "column": 4
        },
        "end": {
          "line": 32,
          "column": 22
        }
      },
      "19": {
        "start": {
          "line": 33,
          "column": 4
        },
        "end": {
          "line": 33,
          "column": 22
        }
      },
      "20": {
        "start": {
          "line": 37,
          "column": 8
        },
        "end": {
          "line": 37,
          "column": 27
        }
      },
      "21": {
        "start": {
          "line": 38,
          "column": 8
        },
        "end": {
          "line": 38,
          "column": 39
        }
      },
      "22": {
        "start": {
          "line": 39,
          "column": 8
        },
        "end": {
          "line": 39,
          "column": 43
        }
      },
      "23": {
        "start": {
          "line": 40,
          "column": 8
        },
        "end": {
          "line": 47,
          "column": 10
        }
      },
      "24": {
        "start": {
          "line": 48,
          "column": 8
        },
        "end": {
          "line": 48,
          "column": 52
        }
      },
      "25": {
        "start": {
          "line": 49,
          "column": 8
        },
        "end": {
          "line": 62,
          "column": 10
        }
      },
      "26": {
        "start": {
          "line": 63,
          "column": 8
        },
        "end": {
          "line": 65,
          "column": 11
        }
      },
      "27": {
        "start": {
          "line": 64,
          "column": 12
        },
        "end": {
          "line": 64,
          "column": 46
        }
      },
      "28": {
        "start": {
          "line": 68,
          "column": 8
        },
        "end": {
          "line": 68,
          "column": 49
        }
      },
      "29": {
        "start": {
          "line": 72,
          "column": 0
        },
        "end": {
          "line": 72,
          "column": 168
        }
      },
      "30": {
        "start": {
          "line": 72,
          "column": 61
        },
        "end": {
          "line": 72,
          "column": 165
        }
      },
      "31": {
        "start": {
          "line": 73,
          "column": 0
        },
        "end": {
          "line": 134,
          "column": 9659
        }
      },
      "32": {
        "start": {
          "line": 73,
          "column": 1301
        },
        "end": {
          "line": 120,
          "column": 5
        }
      },
      "33": {
        "start": {
          "line": 74,
          "column": 8
        },
        "end": {
          "line": 74,
          "column": 39
        }
      },
      "34": {
        "start": {
          "line": 75,
          "column": 8
        },
        "end": {
          "line": 75,
          "column": 44
        }
      },
      "35": {
        "start": {
          "line": 76,
          "column": 8
        },
        "end": {
          "line": 76,
          "column": 39
        }
      },
      "36": {
        "start": {
          "line": 77,
          "column": 8
        },
        "end": {
          "line": 77,
          "column": 39
        }
      },
      "37": {
        "start": {
          "line": 78,
          "column": 8
        },
        "end": {
          "line": 78,
          "column": 39
        }
      },
      "38": {
        "start": {
          "line": 79,
          "column": 8
        },
        "end": {
          "line": 79,
          "column": 121
        }
      },
      "39": {
        "start": {
          "line": 79,
          "column": 90
        },
        "end": {
          "line": 79,
          "column": 117
        }
      },
      "40": {
        "start": {
          "line": 80,
          "column": 8
        },
        "end": {
          "line": 80,
          "column": 39
        }
      },
      "41": {
        "start": {
          "line": 81,
          "column": 8
        },
        "end": {
          "line": 81,
          "column": 26
        }
      },
      "42": {
        "start": {
          "line": 82,
          "column": 8
        },
        "end": {
          "line": 82,
          "column": 26
        }
      },
      "43": {
        "start": {
          "line": 83,
          "column": 8
        },
        "end": {
          "line": 83,
          "column": 39
        }
      },
      "44": {
        "start": {
          "line": 84,
          "column": 8
        },
        "end": {
          "line": 84,
          "column": 91
        }
      },
      "45": {
        "start": {
          "line": 85,
          "column": 8
        },
        "end": {
          "line": 85,
          "column": 26
        }
      },
      "46": {
        "start": {
          "line": 86,
          "column": 8
        },
        "end": {
          "line": 86,
          "column": 39
        }
      },
      "47": {
        "start": {
          "line": 87,
          "column": 8
        },
        "end": {
          "line": 87,
          "column": 91
        }
      },
      "48": {
        "start": {
          "line": 88,
          "column": 8
        },
        "end": {
          "line": 88,
          "column": 37
        }
      },
      "49": {
        "start": {
          "line": 89,
          "column": 8
        },
        "end": {
          "line": 89,
          "column": 71
        }
      },
      "50": {
        "start": {
          "line": 90,
          "column": 8
        },
        "end": {
          "line": 90,
          "column": 26
        }
      },
      "51": {
        "start": {
          "line": 91,
          "column": 8
        },
        "end": {
          "line": 91,
          "column": 26
        }
      },
      "52": {
        "start": {
          "line": 92,
          "column": 8
        },
        "end": {
          "line": 92,
          "column": 40
        }
      },
      "53": {
        "start": {
          "line": 93,
          "column": 8
        },
        "end": {
          "line": 93,
          "column": 38
        }
      },
      "54": {
        "start": {
          "line": 94,
          "column": 8
        },
        "end": {
          "line": 94,
          "column": 40
        }
      },
      "55": {
        "start": {
          "line": 95,
          "column": 8
        },
        "end": {
          "line": 95,
          "column": 26
        }
      },
      "56": {
        "start": {
          "line": 96,
          "column": 8
        },
        "end": {
          "line": 96,
          "column": 42
        }
      },
      "57": {
        "start": {
          "line": 97,
          "column": 8
        },
        "end": {
          "line": 97,
          "column": 27
        }
      },
      "58": {
        "start": {
          "line": 98,
          "column": 8
        },
        "end": {
          "line": 98,
          "column": 26
        }
      },
      "59": {
        "start": {
          "line": 99,
          "column": 8
        },
        "end": {
          "line": 99,
          "column": 39
        }
      },
      "60": {
        "start": {
          "line": 100,
          "column": 8
        },
        "end": {
          "line": 100,
          "column": 44
        }
      },
      "61": {
        "start": {
          "line": 101,
          "column": 8
        },
        "end": {
          "line": 101,
          "column": 26
        }
      },
      "62": {
        "start": {
          "line": 102,
          "column": 8
        },
        "end": {
          "line": 102,
          "column": 26
        }
      },
      "63": {
        "start": {
          "line": 103,
          "column": 8
        },
        "end": {
          "line": 103,
          "column": 26
        }
      },
      "64": {
        "start": {
          "line": 104,
          "column": 8
        },
        "end": {
          "line": 104,
          "column": 41
        }
      },
      "65": {
        "start": {
          "line": 105,
          "column": 8
        },
        "end": {
          "line": 105,
          "column": 40
        }
      },
      "66": {
        "start": {
          "line": 106,
          "column": 8
        },
        "end": {
          "line": 106,
          "column": 39
        }
      },
      "67": {
        "start": {
          "line": 107,
          "column": 8
        },
        "end": {
          "line": 107,
          "column": 22
        }
      },
      "68": {
        "start": {
          "line": 108,
          "column": 8
        },
        "end": {
          "line": 108,
          "column": 26
        }
      },
      "69": {
        "start": {
          "line": 109,
          "column": 8
        },
        "end": {
          "line": 109,
          "column": 26
        }
      },
      "70": {
        "start": {
          "line": 110,
          "column": 8
        },
        "end": {
          "line": 110,
          "column": 40
        }
      },
      "71": {
        "start": {
          "line": 111,
          "column": 8
        },
        "end": {
          "line": 111,
          "column": 41
        }
      },
      "72": {
        "start": {
          "line": 112,
          "column": 8
        },
        "end": {
          "line": 112,
          "column": 42
        }
      },
      "73": {
        "start": {
          "line": 113,
          "column": 8
        },
        "end": {
          "line": 113,
          "column": 22
        }
      },
      "74": {
        "start": {
          "line": 114,
          "column": 8
        },
        "end": {
          "line": 114,
          "column": 26
        }
      },
      "75": {
        "start": {
          "line": 115,
          "column": 8
        },
        "end": {
          "line": 115,
          "column": 26
        }
      },
      "76": {
        "start": {
          "line": 116,
          "column": 8
        },
        "end": {
          "line": 116,
          "column": 26
        }
      },
      "77": {
        "start": {
          "line": 117,
          "column": 8
        },
        "end": {
          "line": 117,
          "column": 26
        }
      },
      "78": {
        "start": {
          "line": 118,
          "column": 8
        },
        "end": {
          "line": 118,
          "column": 26
        }
      },
      "79": {
        "start": {
          "line": 119,
          "column": 8
        },
        "end": {
          "line": 119,
          "column": 125
        }
      },
      "80": {
        "start": {
          "line": 120,
          "column": 6
        },
        "end": {
          "line": 134,
          "column": 5
        }
      },
      "81": {
        "start": {
          "line": 121,
          "column": 20
        },
        "end": {
          "line": 121,
          "column": 38
        }
      },
      "82": {
        "start": {
          "line": 122,
          "column": 8
        },
        "end": {
          "line": 122,
          "column": 24
        }
      },
      "83": {
        "start": {
          "line": 123,
          "column": 8
        },
        "end": {
          "line": 123,
          "column": 47
        }
      },
      "84": {
        "start": {
          "line": 124,
          "column": 8
        },
        "end": {
          "line": 124,
          "column": 24
        }
      },
      "85": {
        "start": {
          "line": 125,
          "column": 8
        },
        "end": {
          "line": 125,
          "column": 47
        }
      },
      "86": {
        "start": {
          "line": 126,
          "column": 8
        },
        "end": {
          "line": 126,
          "column": 24
        }
      },
      "87": {
        "start": {
          "line": 127,
          "column": 8
        },
        "end": {
          "line": 127,
          "column": 50
        }
      },
      "88": {
        "start": {
          "line": 128,
          "column": 8
        },
        "end": {
          "line": 128,
          "column": 25
        }
      },
      "89": {
        "start": {
          "line": 129,
          "column": 8
        },
        "end": {
          "line": 129,
          "column": 86
        }
      },
      "90": {
        "start": {
          "line": 130,
          "column": 8
        },
        "end": {
          "line": 130,
          "column": 24
        }
      },
      "91": {
        "start": {
          "line": 131,
          "column": 8
        },
        "end": {
          "line": 131,
          "column": 40
        }
      },
      "92": {
        "start": {
          "line": 132,
          "column": 8
        },
        "end": {
          "line": 132,
          "column": 24
        }
      },
      "93": {
        "start": {
          "line": 133,
          "column": 8
        },
        "end": {
          "line": 133,
          "column": 46
        }
      }
    },
    "fnMap": {
      "0": {
        "name": "FooterComponent_ng_container_7_Template",
        "decl": {
          "start": {
            "line": 11,
            "column": 9
          },
          "end": {
            "line": 11,
            "column": 48
          }
        },
        "loc": {
          "start": {
            "line": 11,
            "column": 58
          },
          "end": {
            "line": 13,
            "column": 3
          }
        },
        "line": 11
      },
      "1": {
        "name": "FooterComponent_ng_container_9_Template",
        "decl": {
          "start": {
            "line": 14,
            "column": 9
          },
          "end": {
            "line": 14,
            "column": 48
          }
        },
        "loc": {
          "start": {
            "line": 14,
            "column": 58
          },
          "end": {
            "line": 16,
            "column": 3
          }
        },
        "line": 14
      },
      "2": {
        "name": "FooterComponent_a_11_Template",
        "decl": {
          "start": {
            "line": 17,
            "column": 9
          },
          "end": {
            "line": 17,
            "column": 38
          }
        },
        "loc": {
          "start": {
            "line": 17,
            "column": 48
          },
          "end": {
            "line": 26,
            "column": 3
          }
        },
        "line": 17
      },
      "3": {
        "name": "FooterComponent_ng_template_27_Template",
        "decl": {
          "start": {
            "line": 27,
            "column": 9
          },
          "end": {
            "line": 27,
            "column": 48
          }
        },
        "loc": {
          "start": {
            "line": 27,
            "column": 58
          },
          "end": {
            "line": 34,
            "column": 3
          }
        },
        "line": 27
      },
      "4": {
        "name": "(anonymous_4)",
        "decl": {
          "start": {
            "line": 36,
            "column": 4
          },
          "end": {
            "line": 36,
[...]
        "locations": [
          {
            "start": {
              "line": 15,
              "column": 172
            },
            "end": {
              "line": 20,
              "column": 5
            }
          },
          {
            "start": {
              "line": 15,
              "column": 172
            },
            "end": {
              "line": 20,
              "column": 5
            }
          }
        ],
        "line": 15
      },
      "2": {
        "loc": {
          "start": {
            "line": 20,
            "column": 6
          },
          "end": {
            "line": 23,
            "column": 5
          }
        },
        "type": "if",
        "locations": [
          {
            "start": {
              "line": 20,
              "column": 6
            },
            "end": {
              "line": 23,
              "column": 5
            }
          },
          {
            "start": {
              "line": 20,
              "column": 6
            },
            "end": {
              "line": 23,
              "column": 5
            }
          }
        ],
        "line": 20
      }
    },
    "s": {
      "0": 0,
      "1": 0,
      "2": 0,
      "3": 0,
      "4": 1,
      "5": 0,
      "6": 1,
      "7": 0,
      "8": 0,
      "9": 0,
      "10": 0,
      "11": 0,
      "12": 0,
      "13": 0,
      "14": 0
    },
    "f": {
      "0": 0,
      "1": 0,
      "2": 0,
      "3": 0,
      "4": 0
    },
    "b": {
      "0": [
        0,
        0
      ],
      "1": [
        0,
        0
      ],
      "2": [
        0,
        0
      ]
    },
    "inputSourceMap": {
      "version": 3,
      "file": "detail.component.js",
      "sourceRoot": "",
      "sources": [
        "D:\\Projects\\datariomj-full\\datariomj\\src\\app\\cv\\containers\\detail\\detail.component.ts",
        "D:\\Projects\\datariomj-full\\datariomj\\src\\app\\cv\\containers\\detail\\detail.component.html"
      ],
      "names": [],
      "mappings": ";;AAUA,MAAM,OAAO,eAAe;IAG1B,YACU,KAAqB;QAArB,UAAK,GAAL,KAAK,CAAgB;QAH/B,SAAI,GAAG,EAAE,CAAC;IAIN,CAAC;IAEL,QAAQ;QACN,IAAI,CAAC,KAAK,CAAC,MAAM,CAAC,SAAS,CAAC,MAAM,CAAC,EAAE;YACnC,IAAI,CAAC,IAAI,GAAG,MAAM,CAAC,MAAM,CAAC;QAC5B,CAAC,CAAC,CAAC;IACL,CAAC;;8EAXU,eAAe;oDAAf,eAAe;QCV5B,yBAAG;QAAA,YAAc;QAAA,iBAAI;QACrB,+8MAkB0wB;;QAnBvwB,eAAc;QAAd,6CAAc",
      "sourcesContent": [
        "import { ChangeDetectionStrategy, Component, OnInit, ViewEncapsulation } from '@angular/core';\nimport { ActivatedRoute } from '@angular/router';\n\n@Component({\n  selector: 'app-detail',\n  templateUrl: './detail.component.html',\n  styleUrls: ['./detail.component.scss'],\n  encapsulation: ViewEncapsulation.None,\n  changeDetection: ChangeDetectionStrategy.OnPush,\n})\nexport class DetailComponent implements OnInit {\n  name = '';\n\n  constructor(\n    private route: ActivatedRoute,\n  ) { }\n\n  ngOnInit(): void {\n    this.route.params.subscribe(params => {\n      this.name = params.detail;\n    });\n  }\n\n}\n",
        "<p>Name: {{name}}</p>\nLorem ipsum dolor sit amet, consectetur adipiscing elit, sed do eiusmod tempor incididunt ut labore et dolore magna aliqua. Sem et tortor consequat id porta nibh. Dui id ornare arcu odio ut sem nulla pharetra diam. Mi bibendum neque egestas congue quisque. Ut pharetra sit amet aliquam id diam maecenas ultricies mi. Dui ut ornare lectus sit. Nisi quis eleifend quam adipiscing vitae proin sagittis nisl rhoncus. Id porta nibh venenatis cras sed felis eget. In vitae turpis massa sed elementum tempus. Risus sed vulputate odio ut enim blandit volutpat. Ultricies tristique nulla aliquet enim tortor at auctor. Dui sapien eget mi proin. Est ultricies integer quis auctor elit. Ultrices dui sapien eget mi proin sed libero enim. Felis eget nunc lobortis mattis aliquam faucibus purus.\n\nA arcu cursus vitae congue. Pharetra sit amet aliquam id diam maecenas. Fermentum odio eu feugiat pretium nibh ipsum consequat nisl. Elit scelerisque mauris pellentesque pulvinar pellentesque habitant morbi. Nec ultrices dui sapien eget mi proin. Sed augue lacus viverra vitae congue. Feugiat in ante metus dictum at tempor. Orci phasellus egestas tellus rutrum tellus pellentesque eu. Iaculis nunc sed augue lacus viverra vitae congue eu consequat. Leo urna molestie at elementum eu facilisis. Et odio pellentesque diam volutpat commodo sed egestas.\n\nPorta lorem mollis aliquam ut porttitor. Nulla facilisi cras fermentum odio eu feugiat. Elit eget gravida cum sociis natoque penatibus. Tempus iaculis urna id volutpat lacus. Volutpat diam ut venenatis tellus in metus vulputate. Tempus imperdiet nulla malesuada pellentesque elit eget gravida cum sociis. Ac odio tempor orci dapibus ultrices in. Tempus iaculis urna id volutpat lacus laoreet non curabitur. Ipsum dolor sit amet consectetur adipiscing elit. Sed arcu non odio euismod lacinia at quis. Felis imperdiet proin fermentum leo vel orci porta non.\n\nSed libero enim sed faucibus turpis in eu mi bibendum. Ut aliquam purus sit amet luctus. Tortor aliquam nulla facilisi cras. Ac ut consequat semper viverra. Eu turpis egestas pretium aenean pharetra magna ac placerat vestibulum. Malesuada bibendum arcu vitae elementum curabitur vitae nunc. Lacinia quis vel eros donec ac odio tempor orci. Dolor sit amet consectetur adipiscing elit ut aliquam. Egestas maecenas pharetra convallis posuere morbi leo urna molestie at. Ac orci phasellus egestas tellus rutrum tellus pellentesque eu. Vel elit scelerisque mauris pellentesque. Mi in nulla posuere sollicitudin aliquam ultrices sagittis. Facilisi morbi tempus iaculis urna id volutpat lacus. Fusce id velit ut tortor pretium viverra. Pellentesque diam volutpat commodo sed egestas egestas. A diam maecenas sed enim ut sem viverra aliquet eget.\n\nVel risus commodo viverra maecenas accumsan lacus vel facilisis volutpat. Mauris commodo quis imperdiet massa tincidunt nunc pulvinar. Odio pellentesque diam volutpat commodo sed egestas. Ultrices mi tempus imperdiet nulla malesuada pellentesque elit eget. Fusce id velit ut tortor pretium. Diam phasellus vestibulum lorem sed risus ultricies tristique nulla. Volutpat maecenas volutpat blandit aliquam etiam erat velit scelerisque in. Mi eget mauris pharetra et. Sed vulputate odio ut enim. Sit amet risus nullam eget felis. Nibh ipsum consequat nisl vel pretium lectus.\n\nUrna nec tincidunt praesent semper feugiat nibh sed pulvinar. Ac tortor dignissim convallis aenean et tortor at. In iaculis nunc sed augue lacus viverra vitae. Posuere lorem ipsum dolor sit amet. Aliquam etiam erat velit scelerisque. Consectetur purus ut faucibus pulvinar elementum integer enim neque. Sociis natoque penatibus et magnis. Accumsan in nisl nisi scelerisque eu ultrices vitae auctor eu. Ultrices vitae auctor eu augue ut lectus arcu. Amet dictum sit amet justo donec. Lectus vestibulum mattis ullamcorper velit sed. Aliquam vestibulum morbi blandit cursus. Mauris pharetra et ultrices neque ornare aenean euismod. Eu nisl nunc mi ipsum. Ipsum nunc aliquet bibendum enim facilisis gravida neque. Sed nisi lacus sed viverra tellus in hac habitasse platea. Tristique sollicitudin nibh sit amet commodo nulla facilisi nullam.\n\nSit amet tellus cras adipiscing enim eu turpis egestas. Eu facilisis sed odio morbi. Ipsum dolor sit amet consectetur adipiscing elit. Arcu dui vivamus arcu felis bibendum ut tristique et. Ornare massa eget egestas purus viverra accumsan in nisl nisi. Sed enim ut sem viverra aliquet eget sit amet. Nibh ipsum consequat nisl vel. Ipsum dolor sit amet consectetur adipiscing elit ut. Integer feugiat scelerisque varius morbi enim nunc. Amet mauris commodo quis imperdiet massa.\n\nPurus semper eget duis at tellus at. Pellentesque diam volutpat commodo sed egestas egestas fringilla phasellus faucibus. Tristique magna sit amet purus gravida. Adipiscing elit duis tristique sollicitudin nibh. Bibendum est ultricies integer quis auctor elit sed vulputate. Urna nec tincidunt praesent semper. Morbi tristique senectus et netus. Sed viverra ipsum nunc aliquet bibendum enim facilisis gravida. Velit ut tortor pretium viverra suspendisse potenti nullam ac tortor. Neque aliquam vestibulum morbi blandit cursus risus at. Lorem ipsum dolor sit amet. Nulla aliquet enim tortor at auctor urna nunc id cursus.\n\nQuis viverra nibh cras pulvinar mattis nunc sed blandit. Tincidunt lobortis feugiat vivamus at augue eget arcu. Ornare massa eget egestas purus viverra accumsan in. Eget est lorem ipsum dolor sit. Faucibus purus in massa tempor nec feugiat. Mattis molestie a iaculis at erat pellentesque adipiscing commodo elit. Blandit libero volutpat sed cras ornare arcu dui vivamus arcu. Vitae proin sagittis nisl rhoncus mattis rhoncus. Sit amet venenatis urna cursus eget nunc scelerisque viverra mauris. Tellus cras adipiscing enim eu. Semper feugiat nibh sed pulvinar proin gravida.\n\nMalesuada fames ac turpis egestas maecenas pharetra. Sit amet cursus sit amet dictum. Semper quis lectus nulla at volutpat. Mi quis hendrerit dolor magna eget est. Mauris pellentesque pulvinar pellentesque habitant. Pulvinar etiam non quam lacus suspendisse faucibus interdum posuere. Mi in nulla posuere sollicitudin aliquam ultrices sagittis. Erat imperdiet sed euismod nisi. Pretium lectus quam id leo in vitae. Vitae proin sagittis nisl rhoncus mattis rhoncus urna neque viverra. Ut tristique et egestas quis ipsum suspendisse. Ipsum suspendisse ultrices gravida dictum. Malesuada nunc vel risus commodo viverra. Ornare arcu odio ut sem nulla pharetra diam sit. Suspendisse sed nisi lacus sed viverra. Amet mauris commodo quis imperdiet massa tincidunt nunc pulvinar sapien."
      ]
    },
    "_coverageSchema": "332fd63041d2c1bcb487cc26dd0d5f7d97098a6c",
    "hash": "9939eedf9f81a1798d5f7b76b7a48eef340350d8"
  },
  "D:\\Projects\\datariomj-full\\datariomj\\src\\app\\cv\\containers\\detail\\detail-routing.module.ts": {
    "path": "D:\\Projects\\datariomj-full\\datariomj\\src\\app\\cv\\containers\\detail\\detail-routing.module.ts",
    "statementMap": {
      "0": {
        "start": {
          "line": 5,
          "column": 15
        },
        "end": {
          "line": 5,
          "column": 57
        }
      },
      "1": {
        "start": {
          "line": 8,
          "column": 0
        },
        "end": {
          "line": 8,
          "column": 78
        }
      },
      "2": {
        "start": {
          "line": 9,
          "column": 0
        },
        "end": {
          "line": 9,
          "column": 204
        }
      },
      "3": {
        "start": {
          "line": 9,
          "column": 100
        },
        "end": {
          "line": 9,
          "column": 140
        }
      },
      "4": {
        "start": {
          "line": 10,
          "column": 0
        },
        "end": {
          "line": 10,
          "column": 172
        }
      },
      "5": {
        "start": {
          "line": 10,
          "column": 15
        },
        "end": {
          "line": 10,
          "column": 166
        }
      }
    },
    "fnMap": {
      "0": {
        "name": "DetailRoutingModule_Factory",
        "decl": {
          "start": {
            "line": 9,
            "column": 67
          },
          "end": {
            "line": 9,
            "column": 94
          }
        },
        "loc": {
          "start": {
            "line": 9,
            "column": 98
          },
          "end": {
            "line": 9,
            "column": 142
          }
        },
        "line": 9
      },
      "1": {
        "name": "(anonymous_1)",
        "decl": {
          "start": {
            "line": 10,
            "column": 1
          },
          "end": {
            "line": 10,
            "column": 2
          }
        },
        "loc": {
          "start": {
            "line": 10,
            "column": 13
          },
          "end": {
            "line": 10,
            "column": 168
          }
        },
        "line": 10
      }
    },
    "branchMap": {
      "0": {
        "loc": {
          "start": {
            "line": 9,
            "column": 112
          },
          "end": {
            "line": 9,
            "column": 136
          }
        },
        "type": "binary-expr",
        "locations": [
          {
            "start": {
              "line": 9,
              "column": 112
            },
            "end": {
              "line": 9,
              "column": 113
            }
          },
          {
            "start": {
              "line": 9,
              "column": 117
            },
            "end": {
              "line": 9,
              "column": 136
            }
          }
        ],
        "line": 9
      },
      "1": {
        "loc": {
          "start": {
            "line": 10,
            "column": 15
          },
          "end": {
            "line": 10,
            "column": 165
          }
        },
        "type": "binary-expr",
        "locations": [
          {
            "start": {
              "line": 10,
              "column": 16
            },
            "end": {
              "line": 10,
              "column": 48
            }
          },
          {
            "start": {
              "line": 10,
              "column": 52
            },
            "end": {
              "line": 10,
              "column": 61
            }
          },
          {
            "start": {
              "line": 10,
              "column": 66
            },
            "end": {
              "line": 10,
              "column": 165
            }
          }
        ],
        "line": 10
      }
    },
    "s": {
      "0": 1,
      "1": 1,
      "2": 1,
      "3": 1,
      "4": 1,
      "5": 1
    },
    "f": {
      "0": 1,
      "1": 1
    },
    "b": {
      "0": [
        1,
        1
      ],
      "1": [
        1,
        0,
        1
      ]
    },
    "inputSourceMap": {
      "version": 3,
      "file": "detail-routing.module.js",
      "sourceRoot": "",
      "sources": [
        "D:\\Projects\\datariomj-full\\datariomj\\src\\app\\cv\\containers\\detail\\detail-routing.module.ts"
      ],
      "names": [],
      "mappings": "AACA,OAAO,EAAE,YAAY,EAAU,MAAM,iBAAiB,CAAC;AACvD,OAAO,EAAE,eAAe,EAAE,MAAM,oBAAoB,CAAC;;;AAErD,MAAM,MAAM,GAAW,CAAC,EAAE,IAAI,EAAE,EAAE,EAAE,SAAS,EAAE,eAAe,EAAE,CAAC,CAAC;AAMlE,MAAM,OAAO,mBAAmB;;uDAAnB,mBAAmB;qHAAnB,mBAAmB,kBAHrB,CAAC,YAAY,CAAC,QAAQ,CAAC,MAAM,CAAC,CAAC,EAC9B,YAAY;wFAEX,mBAAmB,0CAFpB,YAAY",
      "sourcesContent": [
        "import { NgModule } from '@angular/core';\nimport { RouterModule, Routes } from '@angular/router';\nimport { DetailComponent } from './detail.component';\n\nconst routes: Routes = [{ path: '', component: DetailComponent }];\n\n@NgModule({\n  imports: [RouterModule.forChild(routes)],\n  exports: [RouterModule]\n})\nexport class DetailRoutingModule { }\n"
      ]
    },
    "_coverageSchema": "332fd63041d2c1bcb487cc26dd0d5f7d97098a6c",
    "hash": "8db7332287e7e8a219ee2b474ab7a1c4c0a0f090"
  },
  "D:\\Projects\\datariomj-full\\datariomj\\src\\app\\cv\\containers\\detail\\detail.module.ts": {
    "path": "D:\\Projects\\datariomj-full\\datariomj\\src\\app\\cv\\containers\\detail\\detail.module.ts",
    "statementMap": {
      "0": {
        "start": {
          "line": 7,
          "column": 0
        },
        "end": {
          "line": 7,
          "column": 64
        }
      },
      "1": {
        "start": {
          "line": 8,
          "column": 0
        },
        "end": {
          "line": 11,
          "column": 14
        }
      },
      "2": {
        "start": {
          "line": 8,
          "column": 86
        },
        "end": {
          "line": 8,
          "column": 119
        }
      },
      "3": {
        "start": {
          "line": 12,
          "column": 0
        },
        "end": {
          "line": 13,
          "column": 38
        }
      },
      "4": {
        "start": {
          "line": 12,
          "column": 15
        },
        "end": {
          "line": 13,
          "column": 32
        }
      }
    },
    "fnMap": {
      "0": {
        "name": "DetailModule_Factory",
        "decl": {
          "start": {
            "line": 8,
            "column": 60
          },
          "end": {
            "line": 8,
            "column": 80
          }
        },
        "loc": {
          "start": {
            "line": 8,
            "column": 84
          },
          "end": {
            "line": 8,
            "column": 121
          }
        },
        "line": 8
      },
      "1": {
        "name": "(anonymous_1)",
        "decl": {
          "start": {
            "line": 12,
            "column": 1
          },
          "end": {
            "line": 12,
            "column": 2
          }
        },
        "loc": {
          "start": {
            "line": 12,
            "column": 13
          },
          "end": {
            "line": 13,
            "column": 34
          }
        },
        "line": 12
      }
    },
    "branchMap": {
      "0": {
        "loc": {
          "start": {
            "line": 8,
            "column": 98
          },
          "end": {
            "line": 8,
            "column": 115
          }
        },
        "type": "binary-expr",
        "locations": [
          {
            "start": {
              "line": 8,
              "column": 98
            },
            "end": {
              "line": 8,
              "column": 99
            }
          },
          {
            "start": {
              "line": 8,
              "column": 103
            },
            "end": {
              "line": 8,
              "column": 115
            }
          }
        ],
        "line": 8
      },
      "1": {
        "loc": {
          "start": {
            "line": 12,
            "column": 15
          },
          "end": {
            "line": 13,
            "column": 31
          }
        },
        "type": "binary-expr",
        "locations": [
          {
            "start": {
              "line": 12,
              "column": 16
            },
            "end": {
              "line": 12,
              "column": 48
            }
          },
          {
            "start": {
              "line": 12,
              "column": 52
            },
            "end": {
              "line": 12,
              "column": 61
            }
          },
          {
            "start": {
              "line": 12,
              "column": 66
            },
            "end": {
              "line": 13,
              "column": 31
            }
          }
        ],
        "line": 12
      }
    },
    "s": {
      "0": 1,
      "1": 1,
      "2": 1,
      "3": 1,
      "4": 1
    },
    "f": {
      "0": 1,
      "1": 1
    },
    "b": {
      "0": [
        1,
        1
      ],
      "1": [
        1,
        0,
        1
      ]
    },
    "inputSourceMap": {
      "version": 3,
      "file": "detail.module.js",
      "sourceRoot": "",
      "sources": [
        "D:\\Projects\\datariomj-full\\datariomj\\src\\app\\cv\\containers\\detail\\detail.module.ts"
      ],
      "names": [],
      "mappings": "AAAA,OAAO,EAAE,YAAY,EAAE,MAAM,iBAAiB,CAAC;AAG/C,OAAO,EAAE,eAAe,EAAE,MAAM,oBAAoB,CAAC;AACrD,OAAO,EAAE,mBAAmB,EAAE,MAAM,yBAAyB,CAAC;;AAU9D,MAAM,OAAO,YAAY;;gDAAZ,YAAY;uGAAZ,YAAY,kBALd;YACP,YAAY;YACZ,mBAAmB;SACpB;wFAEU,YAAY,mBANR,eAAe,aAE5B,YAAY;QACZ,mBAAmB",
      "sourcesContent": [
        "import { CommonModule } from '@angular/common';\nimport { NgModule } from '@angular/core';\n\nimport { DetailComponent } from './detail.component';\nimport { DetailRoutingModule } from './detail-routing.module';\n\n\n@NgModule({\n  declarations: [DetailComponent],\n  imports: [\n    CommonModule,\n    DetailRoutingModule,\n  ],\n})\nexport class DetailModule { }\n"
      ]
    },
    "_coverageSchema": "332fd63041d2c1bcb487cc26dd0d5f7d97098a6c",
    "hash": "11adb314b06920055067b58a17cb715ced4f1312"
  }
}